<?xml version="1.0" encoding="UTF-8"?>
<!-- Generated by org.testng.reporters.JUnitReportReporter -->
<testsuite hostname="MAA-5CG0263GQH" failures="0" tests="1" name="com.testcases.Testcase1" time="6.028" errors="0" timestamp="2021-12-13T09:37:51 IST" skipped="0">
  <testcase classname="com.testcases.Testcase1" name="loginApp" time="6.028"/>
  <system-out/>
</testsuite> <!-- com.testcases.Testcase1 -->
