<?xml version="1.0" encoding="UTF-8"?>
<!-- Generated by org.testng.reporters.JUnitReportReporter -->
<testsuite hostname="MAA-5CG0263GQH" failures="0" tests="1" name="com.testcases.Testcase1" time="13.008" errors="0" timestamp="2022-01-07T21:06:24 IST" skipped="0">
  <testcase classname="com.testcases.Testcase1" name="loginApp" time="13.008"/>
  <system-out/>
</testsuite> <!-- com.testcases.Testcase1 -->
