<?xml version="1.0" encoding="UTF-8"?>
<!-- Generated by org.testng.reporters.JUnitReportReporter -->
<testsuite hostname="MAA-5CG0263GQH" failures="0" tests="2" name="com.testcases.Testcase1" time="25.326" errors="0" timestamp="2022-03-09T12:36:32 IST" skipped="0">
  <testcase classname="com.testcases.Testcase1" name="loginApp" time="11.533"/>
  <system-out/>
  <testcase classname="com.testcases.Testcase1" name="productOrder" time="13.793"/>
  <system-out/>
</testsuite> <!-- com.testcases.Testcase1 -->
